#
# A fatal error has been detected by the Java Runtime Environment:
#
#  SIGSEGV (0xb) at pc=0x0000000000000000, pid=17827, tid=0x0000000000010b07
#
# JRE version: Java(TM) SE Runtime Environment (8.0_121-b13) (build 1.8.0_121-b13)
# Java VM: Java HotSpot(TM) 64-Bit Server VM (25.121-b13 mixed mode bsd-amd64 compressed oops)
# Problematic frame:
# C  0x0000000000000000
#
# Failed to write core dump. Core dumps have been disabled. To enable core dumping, try "ulimit -c unlimited" before starting Java again
#
# If you would like to submit a bug report, please visit:
#   http://bugreport.java.com/bugreport/crash.jsp
#

---------------  T H R E A D  ---------------

Current thread is native thread

siginfo: si_signo: 11 (SIGSEGV), si_code: 1 (SEGV_MAPERR), si_addr: 0x0000000000000000

Registers:
RAX=0x0000000127c05508, RBX=0x00000000000161b0, RCX=0x0000000000000010, RDX=0xfffffffffffffff0
RSP=0x000070000fb6c9f8, RBP=0x000070000fb6caa0, RSI=0x0000000000000000, RDI=0x00007fc4f6bf9800
R8 =0x0000000000000200, R9 =0x00007fc4f66c76f0, R10=0x00007fc4f81e5230, R11=0x0000000000001100
R12=0x00007fc4f66c76f0, R13=0x00007fc4f6bf9800, R14=0x00007fc4f66c65f0, R15=0x0000000000000800
RIP=0x0000000000000000, EFLAGS=0x0000000000010246, ERR=0x0000000000000014
  TRAPNO=0x000000000000000e

Top of Stack: (sp=0x000070000fb6c9f8)
0x000070000fb6c9f8:   0000000127bd7639 0000000000000000
0x000070000fb6ca08:   0000000000000000 00007fc4f6c019b0
0x000070000fb6ca18:   0000000127ebd010 00007fc4f6bff9b0
0x000070000fb6ca28:   0000020008ce5e00 0000000000000004
0x000070000fb6ca38:   0000000000000800 0000700000000200
0x000070000fb6ca48:   00007fc4f6bfd9b0 00007fc4f6bf9800
0x000070000fb6ca58:   0000020000000000 fd00000070001002
0x000070000fb6ca68:   000000010000037f 98c86f0e2011009d
0x000070000fb6ca78:   00007fc4f65c92a8 00007fc4f66c76f0
0x000070000fb6ca88:   00007fc4f65c9230 00007fc4f66c65f0
0x000070000fb6ca98:   0000000000000200 000070000fb6cab0
0x000070000fb6caa8:   0000000127be72ef 000070000fb6cb30
0x000070000fb6cab8:   0000000127c6a4e8 00007fc4f65c70d8
0x000070000fb6cac8:   00007fc4f81e5000 00007fc4f65c9230
0x000070000fb6cad8:   0000020000000000 000070000fb6cc48
0x000070000fb6cae8:   00007fc4f81e51f8 0000020000000001
0x000070000fb6caf8:   000070000fb6cc30 0000700000000000
0x000070000fb6cb08:   000070000fb6cc30 00007fc4f81e5000
0x000070000fb6cb18:   00007fc4f65c7060 00007fc4f65c54a0
0x000070000fb6cb28:   0000000000000200 000070000fb6cb80
0x000070000fb6cb38:   0000000127d94c54 00007fc4f67c7e40
0x000070000fb6cb48:   000070000fb6cc48 000000000fb6cc20
0x000070000fb6cb58:   00007fc4f81e5000 0000000000000000
0x000070000fb6cb68:   0000000000001fa0 00007fc4f65c54bc
0x000070000fb6cb78:   00007fc4f81e5000 000070000fb6cc10
0x000070000fb6cb88:   0000000127d9432a 00007fc4f65c54a0
0x000070000fb6cb98:   0000000127d94230 00007fc4f81e52e8
0x000070000fb6cba8:   000070000fb6cc30 00007fc4f81e5000
0x000070000fb6cbb8:   00007fc4f65c7060 000070000fb6cc48
0x000070000fb6cbc8:   00007fc4f65c54a0 00000200f81e52e8
0x000070000fb6cbd8:   00009fe000001fa0 98c86f0e2011009d
0x000070000fb6cbe8:   00007fc4f65aef40 0000000000000200 

Instructions: (pc=0x0000000000000000)
0xffffffffffffffe0:   

Register to memory mapping:

RAX=0x0000000127c05508: PlaybackBackend+0x20 in /Users/mac/NetBeansProjects/Game_Tecnologia_Videojuegos/slick/openal.dylib at 0x0000000127bbc000
RBX=0x00000000000161b0 is an unknown value
RCX=0x0000000000000010 is an unknown value
RDX=0xfffffffffffffff0 is an unknown value
RSP=0x000070000fb6c9f8 is an unknown value
RBP=0x000070000fb6caa0 is an unknown value
RSI=0x0000000000000000 is an unknown value
RDI=0x00007fc4f6bf9800 is an unknown value
R8 =0x0000000000000200 is an unknown value
R9 =0x00007fc4f66c76f0 is an unknown value
R10=0x00007fc4f81e5230 is an unknown value
R11=0x0000000000001100 is an unknown value
R12=0x00007fc4f66c76f0 is an unknown value
R13=0x00007fc4f6bf9800 is an unknown value
R14=0x00007fc4f66c65f0 is an unknown value
R15=0x0000000000000800 is an unknown value


Stack: [0x000070000faed000,0x000070000fb6d000],  sp=0x000070000fb6c9f8,  free space=510k

---------------  P R O C E S S  ---------------

VM state:at safepoint (shutting down)

VM Mutex/Monitor currently owned by a thread:  ([mutex/lock_event])
[0x00007fc4f67024a0] Threads_lock - owner thread: 0x00007fc4f801d800

Heap:
 PSYoungGen      total 276480K, used 152306K [0x0000000795580000, 0x00000007ab000000, 0x00000007c0000000)
  eden space 251904K, 59% used [0x0000000795580000,0x000000079e87cb48,0x00000007a4b80000)
  from space 24576K, 7% used [0x00000007a4b80000,0x00000007a4d40000,0x00000007a6380000)
  to   space 23552K, 0% used [0x00000007a9900000,0x00000007a9900000,0x00000007ab000000)
 ParOldGen       total 83456K, used 28215K [0x0000000740000000, 0x0000000745180000, 0x0000000795580000)
  object space 83456K, 33% used [0x0000000740000000,0x0000000741b8de30,0x0000000745180000)
 Metaspace       used 13434K, capacity 13595K, committed 13696K, reserved 1060864K
  class space    used 1347K, capacity 1408K, committed 1408K, reserved 1048576K

Card table byte_map: [0x000000010a962000,0x000000010ad63000] byte_map_base: 0x0000000106f62000

Marking Bits: (ParMarkBitMap*) 0x0000000109ef0d30
 Begin Bits: [0x000000010b00e000, 0x000000010d00e000)
