#
# A fatal error has been detected by the Java Runtime Environment:
#
#  SIGSEGV (0xb) at pc=0x0000000000000000, pid=17739, tid=0x0000000000010607
#
# JRE version: Java(TM) SE Runtime Environment (8.0_121-b13) (build 1.8.0_121-b13)
# Java VM: Java HotSpot(TM) 64-Bit Server VM (25.121-b13 mixed mode bsd-amd64 compressed oops)
# Problematic frame:
# C  0x0000000000000000
#
# Failed to write core dump. Core dumps have been disabled. To enable core dumping, try "ulimit -c unlimited" before starting Java again
#
# If you would like to submit a bug report, please visit:
#   http://bugreport.java.com/bugreport/crash.jsp
#

---------------  T H R E A D  ---------------

Current thread is native thread

siginfo: si_signo: 11 (SIGSEGV), si_code: 1 (SEGV_MAPERR), si_addr: 0x0000000000000000

Registers:
RAX=0x0000000122579508, RBX=0x00000000000161b0, RCX=0x0000000000000010, RDX=0xfffffffffffffff0
RSP=0x00007000042ff9f8, RBP=0x00007000042ffaa0, RSI=0x0000000000000000, RDI=0x00007fa3e61f8800
R8 =0x0000000000000200, R9 =0x00007fa3e4ed5030, R10=0x00007fa3e59af830, R11=0x00000000000017d0
R12=0x00007fa3e4ed5030, R13=0x00007fa3e61f8800, R14=0x00007fa3e4ed3860, R15=0x0000000000000800
RIP=0x0000000000000000, EFLAGS=0x0000000000010246, ERR=0x0000000000000014
  TRAPNO=0x000000000000000e

Top of Stack: (sp=0x00007000042ff9f8)
0x00007000042ff9f8:   000000012254b639 0000000000000000
0x00007000042ffa08:   0000000000000000 00007fa3e62009b0
0x00007000042ffa18:   0000000122831010 00007fa3e61fe9b0
0x00007000042ffa28:   00000200035aa800 0000000000000004
0x00007000042ffa38:   0000000000000800 0000700000000200
0x00007000042ffa48:   00007fa3e61fc9b0 00007fa3e61f8800
0x00007000042ffa58:   0000020000000000 fd00000070001003
0x00007000042ffa68:   000000010000037f 2bf3ede864c300ed
0x00007000042ffa78:   00007fa3e4fa8158 00007fa3e4ed5030
0x00007000042ffa88:   00007fa3e4fa80e0 00007fa3e4ed3860
0x00007000042ffa98:   0000000000000200 00007000042ffab0
0x00007000042ffaa8:   000000012255b2ef 00007000042ffb30
0x00007000042ffab8:   00000001225de4e8 00007fa3e4fa83e8
0x00007000042ffac8:   00007fa3e59af600 00007fa3e4fa80e0
0x00007000042ffad8:   0000020014785d04 00007000042ffc48
0x00007000042ffae8:   00007fa3e59af7f8 0000020000000001
0x00007000042ffaf8:   00007000042ffc30 0000700000000000
0x00007000042ffb08:   00007000042ffc30 00007fa3e59af600
0x00007000042ffb18:   00007fa3e4fa8370 00007fa3e4f7f5e0
0x00007000042ffb28:   0000000000000200 00007000042ffb80
0x00007000042ffb38:   0000000122708c54 00007fa3e4faaf30
0x00007000042ffb48:   00007000042ffc48 00000000042ffc20
0x00007000042ffb58:   00007fa3e59af600 0000000000000000
0x00007000042ffb68:   0000000000001fa0 00007fa3e4f7f5fc
0x00007000042ffb78:   00007fa3e59af600 00007000042ffc10
0x00007000042ffb88:   000000012270832a 00007fa3e4f7f5e0
0x00007000042ffb98:   0000000122708230 00007fa3e59af8e8
0x00007000042ffba8:   00007000042ffc30 00007fa3e59af600
0x00007000042ffbb8:   00007fa3e4fa8370 00007000042ffc48
0x00007000042ffbc8:   00007fa3e4f7f5e0 00000200e59af8e8
0x00007000042ffbd8:   00009fe000001fa0 2bf3ede864c300ed
0x00007000042ffbe8:   00007fa3e4fa8860 0000000000000200 

Instructions: (pc=0x0000000000000000)
0xffffffffffffffe0:   

Register to memory mapping:

RAX=0x0000000122579508: PlaybackBackend+0x20 in /Users/mac/NetBeansProjects/Game_Tecnologia_Videojuegos/slick/openal.dylib at 0x0000000122530000
RBX=0x00000000000161b0 is an unknown value
RCX=0x0000000000000010 is an unknown value
RDX=0xfffffffffffffff0 is an unknown value
RSP=0x00007000042ff9f8 is an unknown value
RBP=0x00007000042ffaa0 is an unknown value
RSI=0x0000000000000000 is an unknown value
RDI=0x00007fa3e61f8800 is an unknown value
R8 =0x0000000000000200 is an unknown value
R9 =0x00007fa3e4ed5030 is an unknown value
R10=0x00007fa3e59af830 is an unknown value
R11=0x00000000000017d0 is an unknown value
R12=0x00007fa3e4ed5030 is an unknown value
R13=0x00007fa3e61f8800 is an unknown value
R14=0x00007fa3e4ed3860 is an unknown value
R15=0x0000000000000800 is an unknown value


Stack: [0x0000700004280000,0x0000700004300000],  sp=0x00007000042ff9f8,  free space=510k

---------------  P R O C E S S  ---------------

VM state:at safepoint (shutting down)

VM Mutex/Monitor currently owned by a thread:  ([mutex/lock_event])
[0x00007fa3e4c02b20] Threads_lock - owner thread: 0x00007fa3e583b800

Heap:
 PSYoungGen      total 276480K, used 161678K [0x0000000795580000, 0x00000007a8a80000, 0x00000007c0000000)
  eden space 261120K, 61% used [0x0000000795580000,0x000000079f1a38f0,0x00000007a5480000)
  from space 15360K, 11% used [0x00000007a7b80000,0x00000007a7d40000,0x00000007a8a80000)
  to   space 27648K, 0% used [0x00000007a5480000,0x00000007a5480000,0x00000007a6f80000)
 ParOldGen       total 83456K, used 20015K [0x0000000740000000, 0x0000000745180000, 0x0000000795580000)
  object space 83456K, 23% used [0x0000000740000000,0x000000074138bdc8,0x0000000745180000)
 Metaspace       used 13319K, capacity 13547K, committed 13696K, reserved 1060864K
  class space    used 1347K, capacity 1408K, committed 1408K, reserved 1048576K

Card table byte_map: [0x00000001051d7000,0x00000001055d8000] byte_map_base: 0x00000001017d7000

Marking Bits: (ParMarkBitMap*) 0x00000001046f0d30
