#
# A fatal error has been detected by the Java Runtime Environment:
#
#  SIGSEGV (0xb) at pc=0x0000000000000000, pid=18409, tid=0x0000000000011107
#
# JRE version: Java(TM) SE Runtime Environment (8.0_121-b13) (build 1.8.0_121-b13)
# Java VM: Java HotSpot(TM) 64-Bit Server VM (25.121-b13 mixed mode bsd-amd64 compressed oops)
# Problematic frame:
# C  0x0000000000000000
#
# Failed to write core dump. Core dumps have been disabled. To enable core dumping, try "ulimit -c unlimited" before starting Java again
#
# If you would like to submit a bug report, please visit:
#   http://bugreport.java.com/bugreport/crash.jsp
#

---------------  T H R E A D  ---------------

Current thread is native thread

siginfo: si_signo: 11 (SIGSEGV), si_code: 1 (SEGV_MAPERR), si_addr: 0x0000000000000000

Registers:
RAX=0x000000012e887508, RBX=0x00000000000161b0, RCX=0x0000000000000010, RDX=0xfffffffffffffff0
RSP=0x0000700002cc49f8, RBP=0x0000700002cc4aa0, RSI=0x0000000000000000, RDI=0x00007fb64518dc00
R8 =0x0000000000000200, R9 =0x00007fb644ee4af0, R10=0x00007fb646298630, R11=0xfffffffffffffc80
R12=0x00007fb644ee4af0, R13=0x00007fb64518dc00, R14=0x00007fb644ee4e70, R15=0x0000000000000800
RIP=0x0000000000000000, EFLAGS=0x0000000000010246, ERR=0x0000000000000014
  TRAPNO=0x000000000000000e

Top of Stack: (sp=0x0000700002cc49f8)
0x0000700002cc49f8:   000000012e859639 0000000000000000
0x0000700002cc4a08:   0000000000000000 00007fb645195db0
0x0000700002cc4a18:   000000012eb3f010 00007fb645193db0
0x0000700002cc4a28:   000002000f8b6400 0000000000000004
0x0000700002cc4a38:   0000000000000800 0000700000000200
0x0000700002cc4a48:   00007fb645191db0 00007fb64518dc00
0x0000700002cc4a58:   0000020000000000 fd00000070001001
0x0000700002cc4a68:   000000010000037f 3c0dfe61166900b8
0x0000700002cc4a78:   00007fb644cc3608 00007fb644ee4af0
0x0000700002cc4a88:   00007fb644cc3590 00007fb644ee4e70
0x0000700002cc4a98:   0000000000000200 0000700002cc4ab0
0x0000700002cc4aa8:   000000012e8692ef 0000700002cc4b30
0x0000700002cc4ab8:   000000012e8ec4e8 00007fb644c84878
0x0000700002cc4ac8:   00007fb646298400 00007fb644cc3590
0x0000700002cc4ad8:   000002002e7e1561 0000700002cc4c48
0x0000700002cc4ae8:   00007fb6462985f8 0000020000000001
0x0000700002cc4af8:   0000700002cc4c30 0000700000000000
0x0000700002cc4b08:   0000700002cc4c30 00007fb646298400
0x0000700002cc4b18:   00007fb644c84800 00007fb644d976b0
0x0000700002cc4b28:   0000000000000200 0000700002cc4b80
0x0000700002cc4b38:   000000012ea16c54 00007fb644ccf830
0x0000700002cc4b48:   0000700002cc4c48 0000000002cc4c20
0x0000700002cc4b58:   00007fb646298400 0000000000000000
0x0000700002cc4b68:   0000000000001fa0 00007fb644d976cc
0x0000700002cc4b78:   00007fb646298400 0000700002cc4c10
0x0000700002cc4b88:   000000012ea1632a 00007fb644d976b0
0x0000700002cc4b98:   000000012ea16230 00007fb6462986e8
0x0000700002cc4ba8:   0000700002cc4c30 00007fb646298400
0x0000700002cc4bb8:   00007fb644c84800 0000700002cc4c48
0x0000700002cc4bc8:   00007fb644d976b0 00000200462986e8
0x0000700002cc4bd8:   00009fe000001fa0 3c0dfe61166900b8
0x0000700002cc4be8:   00007fb644d709d0 0000000000000200 

Instructions: (pc=0x0000000000000000)
0xffffffffffffffe0:   

Register to memory mapping:

RAX=