#
# A fatal error has been detected by the Java Runtime Environment:
#
#  SIGSEGV (0xb) at pc=0x0000000000000000, pid=17183, tid=0x000000000001150b
#
# JRE version: Java(TM) SE Runtime Environment (8.0_121-b13) (build 1.8.0_121-b13)
# Java VM: Java HotSpot(TM) 64-Bit Server VM (25.121-b13 mixed mode bsd-amd64 compressed oops)
# Problematic frame:
# C  0x0000000000000000
#
# Failed to write core dump. Core dumps have been disabled. To enable core dumping, try "ulimit -c unlimited" before starting Java again
#
# If you would like to submit a bug report, please visit:
#   http://bugreport.java.com/bugreport/crash.jsp
#

---------------  T H R E A D  ---------------

Current thread is native thread

siginfo: si_signo: 11 (SIGSEGV), si_code: 1 (SEGV_MAPERR), si_addr: 0x0000000000000000

Registers:
RAX=0x000000012545f508, RBX=0x00000000000161b0, RCX=0x0000000000000010, RDX=0xfffffffffffffff0
RSP=0x0000700003e2b9f8, RBP=0x0000700003e2baa0, RSI=0x0000000000000000, RDI=0x00007fefa5b39400
R8 =0x0000000000000200, R9 =0x00007fefa55d1350, R10=0x00007fefa699ec30, R11=0x0000000000000800
R12=0x00007fefa55d1350, R13=0x00007fefa5b39400, R14=0x00007fefa55d0b50, R15=0x0000000000000800
RIP=0x0000000000000000, EFLAGS=0x0000000000010246, ERR=0x0000000000000014
  TRAPNO=0x000000000000000e

Top of Stack: (sp=0x0000700003e2b9f8)
0x0000700003e2b9f8:   0000000125431639 0000000000000000
0x0000700003e2ba08:   0000000000000000 00007fefa5b415b0
0x0000700003e2ba18:   000000012570f010 00007fefa5b3f5b0
0x0000700003e2ba28:   0000020000000000 0000000000000000
0x0000700003e2ba38:   0000000000000800 0000000000000200
0x0000700003e2ba48:   00007fefa5b3d5b0 00007fefa5b39400
0x0000700003e2ba58:   0000020000000000 fd00000070001003
0x0000700003e2ba68:   000000010000037f d09f8106182e0085
0x0000700003e2ba78:   00007fefa56a25c8 00007fefa55d1350
0x0000700003e2ba88:   00007fefa56a2550 00007fefa55d0b50
0x0000700003e2ba98:   0000000000000200 0000700003e2bab0
0x0000700003e2baa8:   00000001254412ef 0000700003e2bb30
0x0000700003e2bab8:   00000001254bc4e8 00007fefa569fcb8
0x0000700003e2bac8:   00007fefa699ea00 00007fefa56a2550
0x0000700003e2bad8:   0000020000000000 0000700003e2bc48
0x0000700003e2bae8:   00007fefa699ebf8 0000020000000001
0x0000700003e2baf8:   0000700003e2bc30 0000700000000000
0x0000700003e2bb08:   0000700003e2bc30 00007fefa699ea00
0x0000700003e2bb18:   00007fefa569fc40 00007fefa55d13e0
0x0000700003e2bb28:   0000000000000200 0000700003e2bb80
0x0000700003e2bb38:   00000001255e6c54 00007fefa56035f0
0x0000700003e2bb48:   0000700003e2bc48 0000000003e2bc20
0x0000700003e2bb58:   00007fefa699ea00 0000000000000000
0x0000700003e2bb68:   0000000000001fa0 00007fefa55d13fc
0x0000700003e2bb78:   00007fefa699ea00 0000700003e2bc10
0x0000700003e2bb88:   00000001255e632a 00007fefa55d13e0
0x0000700003e2bb98:   00000001255e6230 00007fefa699ece8
0x0000700003e2bba8:   0000700003e2bc30 00007fefa699ea00
0x0000700003e2bbb8:   00007fefa569fc40 0000700003e2bc48
0x0000700003e2bbc8:   00007fefa55d13e0 00000200a699ece8
0x0000700003e2bbd8:   00009fe000001fa0 d09f8106182e0085
0x0000700003e2bbe8:   00007fefa55d0bb0 0000000000000200 

Instructions: (pc=0x0000000000000000)
0xffffffffffffffe0:   

Register to memory mapping:

RAX=