#
# A fatal error has been detected by the Java Runtime Environment:
#
#  SIGSEGV (0xb) at pc=0x000000011b7ed168, pid=3300, tid=0x0000000000000307
#
# JRE version: Java(TM) SE Runtime Environment (8.0_121-b13) (build 1.8.0_121-b13)
# Java VM: Java HotSpot(TM) 64-Bit Server VM (25.121-b13 mixed mode bsd-amd64 compressed oops)
# Problematic frame:
# C  [liblwjgl.dylib+0xa168]  +[MacOSXKeyableWindow destroyWindow]+0x18
#
# Failed to write core dump. Core dumps have been disabled. To enable core dumping, try "ulimit -c unlimited" before starting Java again
#
# If you would like to submit a bug report, please visit:
#   http://bugreport.java.com/bugreport/crash.jsp
# The crash happened outside the Java Virtual Machine in native code.
# See problematic frame for where to report the bug.
#

---------------  T H R E A D  ---------------

Current thread (0x00007f8617913800):  JavaThread "AppKit Thread" daemon [_thread_in_native, id=775, stack(0x00007ffeef05f000,0x00007ffeef85f000)]

siginfo: si_signo: 11 (SIGSEGV), si_code: 0 (unknown), si_addr: 0x0000000000000000

Registers:
RAX=0x00007f8616742c30, RBX=0xa00007f8618f23e9, RCX=0x0000000000000000, RDX=0x0000000000000000
RSP=0x00007ffeef85aa20, RBP=0x00007ffeef85aa40, RSI=0x000000011b7ff3c6, RDI=0x000000011b821c88
R8 =0x00007f8616529748, R9 =0x0000000000000040, R10=0x0067070100674600, R11=0x000000011b7ed150
R12=0x00007f861660ac90, R13=0x00007fff34df9e91, R14=0x00007f86165726b0, R15=0x0000000000000000
RIP=0x000000011b7ed168, EFLAGS=0x0000000000010202, ERR=0x0000000000000000
  TRAPNO=0x000000000000000d

Top of Stack: (sp=0x00007ffeef85aa20)
0x00007ffeef85aa20:   0000000000000000 00007f861699d068
0x00007ffeef85aa30:   00007f86165726b0 0000000000000000
0x00007ffeef85aa40:   00007ffeef85aac0 00007fff38d132b5
0x00007ffeef85aa50:   00007f861699d068 00007fff34df9f70
0x00007ffeef85aa60:   00007f861660ac90 00007f86165297b0
0x00007ffeef85aa70:   00007fff34e01372 00007fff34e543b7
0x00007ffeef85aa80:   00007fff34e01377 00007fff34dfa003
0x00007ffeef85aa90:   0000000000000000 00007fff38d13167
0x00007ffeef85aaa0:   0000000700002e88 0000000000000001
0x00007ffeef85aab0:   00007f86165297b0 0000000000000000
0x00007ffeef85aac0:   00007ffeef85aad0 00007fff36beda11
0x00007ffeef85aad0:   00007ffeef85ab00 00007fff36ca742c
0x00007ffeef85aae0:   00007f861660ba80 00007f861660b938
0x00007ffeef85aaf0:   00007f861660b930 000000000000002e
0x00007ffeef85ab00:   00007ffeef85ab60 00007fff36bd0470
0x00007ffeef85ab10:   00007f861660b930 00007f861660ba90
0x00007ffeef85ab20:   00007f861660b940 0000000000000001
0x00007ffeef85ab30:   00007f86165297c0 00007f861660ba80
0x00007ffeef85ab40:   00007f861660b938 0000000000000001
0x00007ffeef85ab50:   0000000000001203 00007f861660b930
0x00007ffeef85ab60:   00007ffeef85b850 00007fff36bcf8ed
0x00007ffeef85ab70:   00007fff34df9e91 0000000000000b03
0x00007ffeef85ab80:   0000000000000e03 00007f8616699f10
0x00007ffeef85ab90:   00007fff90ddbaf0 00007fff34dfcd1d
0x00007ffeef85aba0:   00007fff34e04709 00007fff34df9e37
0x00007ffeef85abb0:   0000000000000000 ffffffffffffffff
0x00007ffeef85abc0:   0000000000000000 00007f8616699f20
0x00007ffeef85abd0:   0000000090f5fe78 00007f861660ba90
0x00007ffeef85abe0:   00007f861660b940 0000000000000000
0x00007ffeef85abf0:   0000000000000000 0000000100000b03
0x00007ffeef85ac00:   0000000000000000 0000000000000000
0x00007ffeef85ac10:   422d1ebee3e00e00 00007fff00000e03 

Instructions: (pc=0x000000011b7ed168)
0x000000011b7ed148:   00 0f 1f 80 00 00 00 00 55 48 89 e5 41 57 41 56
0x000000011b7ed158:   53 48 83 ec 08 48 8b 05 3c 62 03 00 48 8b 58 08
0x000000011b7ed168:   80 7b 50 00 74 1a 48 8b 7b 28 48 8d 35 47 4d 03
0x000000011b7ed178:   00 31 d2 30 c0 ff 15 3d 4d 03 00 e9 94 00 00 00 

Register to memory mapping:

RAX=0x00007f8616742c30 is an unknown value
RBX=0xa00007f8618f23e9 is an unknown value
RCX=0x0000000000000000 is an unknown value
RDX=0x0000000000000000 is an unknown value
RSP=0x00007ffeef85aa20 is pointing into the stack for thread: 0x00007f8617913800
RBP=0x00007ffeef85aa40 is pointing into the stack for thread: 0x00007f8617913800
RSI=0x000000011b7ff3c6: Java_org_lwjgl_opengl_NVVideoCaptureUtil_nglReleaseVideoCaptureDeviceNV+0x2956 in /Users/mac/Downloads/slick/liblwjgl.dylib at 0x000000011b7e3000
RDI=0x000000011b821c88: OBJC_CLASS_$_MacOSXKeyableWindow+0 in /Users/mac/Downloads/slick/liblwjgl.dylib at 0x000000011b7e3000
R8 =0x00007f8616529748 is an unknown value
R9 =0x0000000000000040 is an unknown value
R10=0x0067070100674600 is an unknown value
R11=0x000000011b7ed150: +[MacOSXKeyableWindow destroyWindow]+0 in /Users/mac/Downloads/slick/liblwjgl.dylib at 0x000000011b7e3000
R12=0x00007f861660ac90 is an unknown value
R13=0x00007fff34df9e91: .str.41.llvm.C4DC25C8+0x3a3d4 in /System/Library/Frameworks/AppKit.framework/Versions/C/AppKit at 0x00007fff34129000
R14=0x00007f86165726b0 is an unknown value
R15=0x0000000000000000 is an unknown value


Stack: [0x00007ffeef05f000,0x00007ffeef85f000],  sp=0x00007ffeef85aa20,  free space=8174k
Native frames: (J=compiled Java code, j=interpreted, Vv=VM code, C=native code)
C  [liblwjgl.dylib+0xa168]  +[MacOSXKeyableWindow destroyWindow]+0x18
C  [Foundation+0x682b5]  __NSThreadPerformPerform+0x14e
C  [CoreFoundation+0xa3a11]  __CFRUNLOOP_IS_CALLING_OUT_TO_A_SOURCE0_PERFORM_FUNCTION__+0x11
C  [CoreFoundation+0x15d42c]  __CFRunLoopDoSource0+0x6c
C  [CoreFoundation+0x86470]  __CFRunLoopDoSources0+0xd0
C  [CoreFoundation+0x858ed]  __CFRunLoopRun+0x50d
C  [CoreFoundation+0x85153]  CFRunLoopRunSpecific+0x1e3
C  [HIToolbox+0x2fd96]  RunCurrentEventLoopInMode+0x11e
C  [HIToolbox+0x2fb06]  ReceiveNextEventCommon+0x265
C  [HIToolbox+0x2f884]  _BlockUntilNextEventMatchingListInModeWithFilter+0x40
C  [AppKit+0x41a73]  _DPSNextEvent+0x825
C  [AppKit+0x7d7e34]  -[NSApplication(NSEvent) _nextEventMatchingEventMask:untilDate:inMode:dequeue:]+0xbe4
C  [libosxapp.dylib+0x23aa]  -[NSApplicationAWT nextEventMatchingMask:untilDate:inMode:dequeue:]+0x7c
C  [AppKit+0x36885]  -[NSApplication run]+0x2fc
C  [libosxapp.dylib+0x214d]  +[NSApplicationAWT runAWTLoopWithApp:]+0x9c
C  [libawt_lwawt.dylib+0x45ff7]  -[AWTStarter starter:]+0x389
C  [Foundation+0x682b5]  __NSThreadPerformPerform+0x14e
C  [CoreFoundation+0xa3a11]  __CFRUNLOOP_IS_CALLING_OUT_TO_A_SOURCE0_PERFORM_FUNCTION__+0x11
C  [CoreFoundation+0x15d42c]  __CFRunLoopDoSource0+0x6c
C  [CoreFoundation+0x86470]  __CFRunLoopDoSources0+0xd0
C  [CoreFoundation+0x858ed]  __CFRunLoopRun+0x50d
C  [CoreFoundation+0x85153]  CFRunLoopRunSpecific+0x1e3
C  [java+0x6465]  CreateExecutionEnvironment+0x367
C  [java+0x218c]  JLI_Launch+0x7a0
C  [java+0x84c2]  main+0x65
C  [java+0x19e4]  start+0x34
C  0x0000000000000006


---------------  P R O C E S S  ---------------

Java Threads: ( => current thread )
  0x00007f8617a50800 JavaThread "AWT-Shutdown" [_thread_blocked, id=51015, stack(0x0000700010f63000,0x0000700011063000)]
  0x00007f861812c000 JavaThread "Java2D Queue Flusher" daemon [_thread_blocked, id=54791, stack(0x0000700011375000,0x0000700011475000)]
  0x00007f8616a23800 JavaThread "Java2D Disposer" daemon [_thread_blocked, id=53263, stack(0x0000700011272000,0x0000700011372000)]
=>0x00007f8617913800 JavaThread "AppKit Thread" daemon [_thread_in_native, id=775, stack(0x00007ffeef05f000,0x00007ffeef85f000)]
  0x00007f861703f800 JavaThread "Service Thread" daemon [_thread_blocked, id=16899, stack(0x0000700010c57000,0x0000700010d57000)]
  0x00007f8617826000 JavaThread "C1 CompilerThread2" daemon [_thread_blocked, id=17411, stack(0x0000700010b54000,0x0000700010c54000)]
  0x00007f861801f800 JavaThread "C2 CompilerThread1" daemon [_thread_blocked, id=17923, stack(0x0000700010a51000,0x0000700010b51000)]
  0x00007f8618001000 JavaThread "C2 CompilerThread0" daemon [_thread_blocked, id=18435, stack(0x000070001094e000,0x0000700010a4e000)]
  0x00007f8617032000 JavaThread "Signal Dispatcher" daemon [_thread_blocked, id=18951, stack(0x000070001084b000,0x000070001094b000)]
  0x00007f8616803000 JavaThread "Finalizer" daemon [_thread_blocked, id=12035, stack(0x0000700010748000,0x0000700010848000)]
  0x00007f861801e000 JavaThread "Reference Handler" daemon [_thread_blocked, id=11779, stack(0x0000700010645000,0x0000700010745000)]
  0x00007f8617000000 JavaThread "main" [_thread_in_native, id=10243, stack(0x0000700010033000,0x0000700010133000)]

Other Threads:
  0x00007f861801b800 VMThread [stack: 0x0000700010542000,0x0000700010642000] [id=21251]
  0x00007f8618028000 WatcherThread [stack: 0x0000700010d5a000,0x0000700010e5a000] [id=16643]

VM state:not at safepoint (normal execution)

VM Mutex/Monitor currently owned by a thread: None

Heap:
 PSYoungGen      total 71680K, used 3302K [0x0000000795580000, 0x000000079a080000, 0x00000007c0000000)
  eden space 66560K, 4% used [0x0000000795580000,0x00000007958b9998,0x0000000799680000)
  from space 5120K, 0% used [0x0000000799b80000,0x0000000799b80000,0x000000079a080000)
  to   space 5120K, 0% used [0x0000000799680000,0x0000000799680000,0x0000000799b80000)
 ParOldGen       total 90112K, used 4906K [0x0000000740000000, 0x0000000745800000, 0x0000000795580000)
  object space 90112K, 5% used [0x0000000740000000,0x00000007404caa60,0x0000000745800000)
 Metaspace       used 11237K, capacity 11361K, committed 11520K, reserved 1058816K
  class space    used 1215K, capacity 1279K, committed 1280K, reserved 1048576K

Card table byte_map: [0x0000000101fd7000,0x00000001023d8000] byte_map_base: 0x00000000fe5d7000

Marking Bits: (ParMarkBitMap*) 0x00000001014f0d30
 Begin Bits: [0x00000001119fc000, 0x00000001139fc000)
 End Bits:   [0x00000001139fc000, 0x00000001159fc000)

Polling page: 0x00000001003e8000

CodeCache: size=245760Kb used=3575Kb max_used=3582Kb free=242184Kb
 bounds [0x00000001029fc000, 0x0000000102d8c000, 0x00000001119fc000]
 total_blobs=1350 nmethods=820 adapters=444
 compilation: enabled

Compilation events (10 events):
Event: 5.066 Thread 0x00007f8617826000 nmethod 815 0x0000000102d78cd0 code [0x0000000102d78e20, 0x0000000102d78f30]
Event: 5.066 Thread 0x00007f8617826000  816       1       com.sun.org.apache.xerces.internal.util.XMLAttributesImpl::getLength (5 bytes)
Event: 5.066 Thread 0x00007f8617826000 nmethod 816 0x0000000102d78a10 code [0x0000000102d78b60, 0x0000000102d78c70]
Event: 5.067 Thread 0x00007f861801f800 nmethod 811 0x0000000102d786d0 code [0x0000000102d78820, 0x0000000102d788f8]
Event: 5.069 Thread 0x00007f8617826000  817       3       java.nio.ByteBuffer::arrayOffset (35 bytes)
Event: 5.069 Thread 0x00007f8617826000 nmethod 817 0x0000000102d7d9d0 code [0x0000000102d7db60, 0x0000000102d7de78]
Event: 5.069 Thread 0x00007f8617826000  818       3       java.nio.Buffer::clear (20 bytes)
Event: 5.070 Thread 0x00007f8617826000 nmethod 818 0x0000000102d7d690 code [0x0000000102d7d7e0, 0x0000000102d7d950]
Event: 5.070 Thread 0x00007f8617826000  819       3       java.nio.CharBuffer::arrayOffset (35 bytes)
Event: 5.070 Thread 0x00007f8617826000 nmethod 819 0x0000000102d7d090 code [0x0000000102d7d220, 0x0000000102d7d538]

GC Heap History (6 events):
Event: 1.713 GC heap before
{Heap before GC invocations=1 (full 0):
 PSYoungGen      total 38400K, used 33280K [0x0000000795580000, 0x0000000798000000, 0x00000007c0000000)
  eden space 33280K, 100% used [0x0000000795580000,0x0000000797600000,0x0000000797600000)
  from space 5120K, 0% used [0x0000000797b00000,0x0000000797b00000,0x0000000798000000)
  to   space 5120K, 0% used [0x0000000797600000,0x0000000797600000,0x0000000797b00000)
 ParOldGen       total 87552K, used 0K [0x0000000740000000, 0x0000000745580000, 0x0000000795580000)
  object space 87552K, 0% used [0x0000000740000000,0x0000000740000000,0x0000000745580000)
 Metaspace       used 9587K, capacity 9729K, committed 9856K, reserved 1058816K
  class space    used 1038K, capacity 1119K, committed 1152K, reserved 1048576K
Event: 1.744 GC heap after
Heap after GC invocations=1 (full 0):
 PSYoungGen      total 38400K, used 5096K [0x0000000795580000, 0x000000079a080000, 0x00000007c0000000)
  eden space 33280K, 0% used [0x0000000795580000,0x0000000795580000,0x0000000797600000)
  from space 5120K, 99% used [0x0000000797600000,0x0000000797afa168,0x0000000797b00000)
  to   space 5120K, 0% used [0x0000000799b80000,0x0000000799b80000,0x000000079a080000)
 ParOldGen       total 87552K, used 35112K [0x0000000740000000, 0x0000000745580000, 0x0000000795580000)
  object space 87552K, 40% used [0x0000000740000000,0x000000074224a268,0x0000000745580000)
 Metaspace       used 9587K, capacity 9729K, committed 9856K, reserved 1058816K
  class space    used 1038K, capacity 1119K, committed 1152K, reserved 1048576K
}
Event: 2.216 GC heap before
{Heap before GC invocations=2 (full 0):
 PSYoungGen      total 38400K, used 38200K [0x0000000795580000, 0x000000079a080000, 0x00000007c0000000)
  eden space 33280K, 99% used [0x0000000795580000,0x00000007975d3ee0,0x0000000797600000)
  from space 5120K, 99% used [0x0000000797600000,0x0000000797afa168,0x0000000797b00000)
  to   space 5120K, 0% used [0x0000000799b80000,0x0000000799b80000,0x000000079a080000)
 ParOldGen       total 87552K, used 35112K [0x0000000740000000, 0x0000000745580000, 0x0000000795580000)
  object space 87552K, 40% used [0x0000000740000000,0x000000074224a268,0x0000000745580000)
 Metaspace       used 9965K, capacity 10145K, committed 10368K, reserved 1058816K
  class space    used 1076K, capacity 1151K, committed 1152K, reserved 1048576K
Event: 2.231 GC heap after
Heap after GC invocations=2 (full 0):
 PSYoungGen      total 71680K, used 5092K [0x0000000795580000, 0x000000079a080000, 0x00000007c0000000)
  eden space 66560K, 0% used [0x0000000795580000,0x0000000795580000,0x0000000799680000)
  from space 5120K, 99% used [0x0000000799b80000,0x000000079a0792b0,0x000000079a080000)
  to   space 5120K, 0% used [0x0000000799680000,0x0000000799680000,0x0000000799b80000)
 ParOldGen       total 87552K, used 44325K [0x0000000740000000, 0x0000000745580000, 0x0000000795580000)
  object space 87552K, 50% used [0x0000000740000000,0x0000000742b49668,0x0000000745580000)
 Metaspace       used 9965K, capacity 10145K, committed 10368K, reserved 1058816K
  class space    used 1076K, capacity 1151K, committed 1152K, reserved 1048576K
}
Event: 5.079 GC heap before
{Heap before GC invocations=3 (full 1):
 PSYoungGen      total 71680K, used 71652K [0x0000000795580000, 0x000000079a080000, 0x00000007c0000000)
  eden space 66560K, 100% used [0x0000000795580000,0x0000000799680000,0x0000000799680000)
  from space 5120K, 99% used [0x0000000799b80000,0x000000079a0792b0,0x000000079a080000)
  to   space 5120K, 0% used [0x0000000799680000,0x0000000799680000,0x0000000799b80000)
 ParOldGen       total 153600K, used 148507K [0x0000000740000000, 0x0000000749600000, 0x0000000795580000)
  object space 153600K, 96% used [0x0000000740000000,0x0000000749106e88,0x0000000749600000)
 Metaspace       used 11237K, capacity 11361K, committed 11520K, reserved 1058816K
  class space    used 1215K, capacity 1279K, committed 1280K, reserved 1048576K
Event: 5.135 GC heap after
Heap after GC invocations=3 (full 1):
 PSYoungGen      total 71680K, used 0K [0x0000000795580000, 0x000000079a080000, 0x00000007c0000000)
  eden space 66560K, 0% used [0x0000000795580000,0x0000000795580000,0x0000000799680000)
  from space 5120K, 0% used [0x0000000799b80000,0x0000000799b80000,0x000000079a080000)
  to   space 5120K, 0% used [0x0000000799680000,0x0000000799680000,0x0000000799b80000)
 ParOldGen       total 90112K, used 4906K [0x0000000740000000, 0x0000000745800000, 0x0000000795580000)
  object space 90112K, 5% used [0x0000000740000000,0x00000007404caa60,0x0000000745800000)
 Metaspace       used 11237K, capacity 11361K, committed 11520K, reserved 1058816K
  class space    used 1215K, capacity 1279K, committed 1280K, reserved 1048576K
}

Deoptimization events (10 events):
Event: 1.940 Thread 0x00007f8617000000 Uncommon trap: reason=unstable_if action=reinterpret pc=0x0000000102cbd694 method=com.jcraft.jogg.Buffer.read(I)I @ 23
Event: 2.253 Thread 0x00007f8617000000 Uncommon trap: reason=unstable_if action=reinterpret pc=0x0000000102d1d96c method=com.jcraft.jorbis.Block.synthesis(Lcom/jcraft/jogg/Packet;)I @ 87
Event: 3.425 Thread 0x00007f8617000000 Uncommon trap: reason=unstable_if action=reinterpret pc=0x0000000102d5b920 method=com.jcraft.jorbis.Floor1.inverse1(Lcom/jcraft/jorbis/Block;Ljava/lang/Object;Ljava/lang/Object;)Ljava/lang/Object; @ 451
Event: 4.751 Thread 0x00007f8617000000 Uncommon trap: reason=unstable_if action=reinterpret pc=0x0000000102d64798 method=com.jcraft.jorbis.Floor1.inverse1(Lcom/jcraft/jorbis/Block;Ljava/lang/Object;Ljava/lang/Object;)Ljava/lang/Object; @ 31
Event: 4.751 Thread 0x00007f8617000000 Uncommon trap: reason=unstable_if action=reinterpret pc=0x0000000102d3a478 method=com.jcraft.jorbis.Mapping0.inverse(Lcom/jcraft/jorbis/Block;Ljava/lang/Object;)I @ 207
Event: 4.751 Thread 0x00007f8617000000 Uncommon trap: reason=unstable_if action=reinterpret pc=0x0000000102d49bd4 method=com.jcraft.jorbis.Residue2.inverse(Lcom/jcraft/jorbis/Block;Ljava/lang/Object;[[F[II)I @ 14
Event: 4.798 Thread 0x00007f8617000000 Uncommon trap: reason=unstable_if action=reinterpret pc=0x0000000102d236cc method=com.jcraft.jorbis.DspState.synthesis_blockin(Lcom/jcraft/jorbis/Block;)I @ 701
Event: 4.798 Thread 0x00007f8617000000 Uncommon trap: reason=unstable_if action=reinterpret pc=0x0000000102d61544 method=com.jcraft.jogg.SyncState.pageseek(Lcom/jcraft/jogg/Page;)I @ 27
Event: 4.798 Thread 0x00007f8617000000 Uncommon trap: reason=unstable_if action=reinterpret pc=0x0000000102d22554 method=org.newdawn.slick.openal.OggInputStream.atEnd()Z @ 4
Event: 4.798 Thread 0x00007f8617000000 Uncommon trap: reason=unstable_if action=reinterpret pc=0x0000000102cd09b8 method=org.newdawn.slick.openal.OggInputStream.atEnd()Z @ 4

Internal exceptions (10 events):
Event: 0.593 Thread 0x00007f8617000000 Exception <a 'java/io/FileNotFoundException'> (0x0000000795912f50) thrown at [/Users/java_re/workspace/8-2-build-macosx-x86_64/jdk8u121/8372/hotspot/src/share/vm/prims/jni.cpp, line 709]
Event: 1.810 Thread 0x00007f8617000000 Implicit null exception at 0x0000000102ca7b85 to 0x0000000102ca80f9
Event: 1.811 Thread 0x00007f8617000000 Implicit null exception at 0x0000000102c7c1e4 to 0x0000000102c7c411
Event: 1.855 Thread 0x00007f8617000000 Exception <a 'java/security/PrivilegedActionException'> (0x000000079720a700) thrown at [/Users/java_re/workspace/8-2-build-macosx-x86_64/jdk8u121/8372/hotspot/src/share/vm/prims/jvm.cpp, line 1390]
Event: 1.855 Thread 0x00007f8617000000 Exception <a 'java/security/PrivilegedActionException'> (0x000000079720c2e8) thrown at [/Users/java_re/workspace/8-2-build-macosx-x86_64/jdk8u121/8372/hotspot/src/share/vm/prims/jvm.cpp, line 1390]
Event: 1.855 Thread 0x00007f8617000000 Exception <a 'java/security/PrivilegedActionException'> (0x000000079720d408) thrown at [/Users/java_re/workspace/8-2-build-macosx-x86_64/jdk8u121/8372/hotspot/src/share/vm/prims/jvm.cpp, line 1390]
Event: 1.855 Thread 0x00007f8617000000 Exception <a 'java/security/PrivilegedActionException'> (0x0000000797212528) thrown at [/Users/java_re/workspace/8-2-build-macosx-x86_64/jdk8u121/8372/hotspot/src/share/vm/prims/jvm.cpp, line 1390]
Event: 1.856 Thread 0x00007f8617000000 Exception <a 'java/security/PrivilegedActionException'> (0x0000000797213180) thrown at [/Users/java_re/workspace/8-2-build-macosx-x86_64/jdk8u121/8372/hotspot/src/share/vm/prims/jvm.cpp, line 1390]
Event: 1.856 Thread 0x00007f8617000000 Exception <a 'java/security/PrivilegedActionException'> (0x0000000797213da8) thrown at [/Users/java_re/workspace/8-2-build-macosx-x86_64/jdk8u121/8372/hotspot/src/share/vm/prims/jvm.cpp, line 1390]
Event: 5.067 Thread 0x00007f8617000000 Exception <a 'java/io/FileNotFoundException'> (0x0000000799664e90) thrown at [/Users/java_re/workspace/8-2-build-macosx-x86_64/jdk8u121/8372/hotspot/src/share/vm/prims/jni.cpp, line 709]

Events (10 events):
Event: 5.068 loading class java/lang/Throwable$PrintStreamOrWriter
Event: 5.068 loading class java/lang/Throwable$PrintStreamOrWriter done
Event: 5.068 loading class java/lang/Throwable$WrappedPrintStream done
Event: 5.068 loading class java/util/IdentityHashMap$KeySet
Event: 5.068 loading class java/util/IdentityHashMap$KeySet done
Event: 5.076 loading class org/lwjgl/opengl/CallbackUtil
Event: 5.076 loading class org/lwjgl/opengl/CallbackUtil done
Event: 5.078 Executing VM operation: ParallelGCFailedAllocation
Event: 5.136 Executing VM operation: ParallelGCFailedAllocation done
Event: 5.140 Thread 0x00007f8617a50800 Thread added: 0x00007f8617a50800


Dynamic libraries:
0x000000000f030000 	/System/Library/Frameworks/Cocoa.framework/Versions/A/Cocoa
0x000000000f030000 	/System/Library/Frameworks/Security.framework/Versions/A/Security
0x000000000f030000 	/System/Library/Frameworks/ApplicationServices.framework/Versions/A/ApplicationServices
0x000000000f030000 	/usr/lib/libz.1.dylib
0x000000000f030000 	/usr/lib/libSystem.B.dylib
0x000000000f030000 	/usr/lib/libobjc.A.dylib
0x000000000f030000 	/System/Library/Frameworks/CoreFoundation.framework/Versions/A/CoreFoundation
0x000000000f030000 	/System/Library/Frameworks/Foundation.framework/Versions/C/Foundation
0x000000000f030000 	/System/Library/Frameworks/AppKit.framework/Versions/C/AppKit
0x000000000f030000 	/System/Library/Frameworks/CoreData.framework/Versions/A/CoreData
0x000000000f030000 	/System/Library/PrivateFrameworks/RemoteViewServices.framework/Versions/A/RemoteViewServices
0x000000000f030000 	/System/Library/PrivateFrameworks/UIFoundation.framework/Versions/A/UIFoundation
0x000000000f030000 	/System/Library/PrivateFrameworks/DFRFoundation.framework/Versions/A/DFRFoundation
0x000000000f030000 	/System/Library/Frameworks/Metal.framework/Versions/A/Metal
0x000000000f030000 	/System/Library/PrivateFrameworks/DesktopServicesPriv.framework/Versions/A/DesktopServicesPriv
0x000000000f030000 	/usr/lib/libenergytrace.dylib
0x000000000f030000 	/System/Library/PrivateFrameworks/SkyLight.framework/Versions/A/SkyLight
0x000000000f030000 	/System/Library/Frameworks/CoreGraphics.framework/Versions/A/CoreGraphics
0x000000000f030000 	/usr/lib/libScreenReader.dylib
0x000000000f030000 	/System/Library/Frameworks/Accelerate.framework/Versions/A/Accelerate
0x000000000f030000 	/System/Library/Frameworks/IOSurface.framework/Versions/A/IOSurface
0x000000000f030000 	/System/Library/Frameworks/AudioToolbox.framework/Versions/A/AudioToolbox
0x000000000f030000 	/System/Library/Frameworks/AudioUnit.framework/Versions/A/AudioUnit
0x000000000f030000 	/System/Library/PrivateFrameworks/DataDetectorsCore.framework/Versions/A/DataDetectorsCore
0x000000000f030000 	/System/Library/Frameworks/Carbon.framework/Versions/A/Frameworks/HIToolbox.framework/Versions/A/HIToolbox
0x000000000f030000 	/usr/lib/libicucore.A.dylib
0x000000000f030000 	/System/Library/Frameworks/QuartzCore.framework/Versions/A/QuartzCore
0x000000000f030000 	/System/Library/PrivateFrameworks/SignpostNotification.framework/Versions/A/SignpostNotification
0x000000000f030000 	/System/Library/Frameworks/Carbon.framework/Versions/A/Frameworks/SpeechRecognition.framework/Versions/A/SpeechRecognition
0x000000000f030000 	/usr/lib/libauto.dylib
0x000000000f030000 	/usr/lib/libxml2.2.dylib
0x000000000f030000 	/System/Library/PrivateFrameworks/CoreUI.framework/Versions/A/CoreUI
0x000000000f030000 	/System/Library/Frameworks/CoreAudio.framework/Versions/A/CoreAudio
0x000000000f030000 	/System/Library/Frameworks/DiskArbitration.framework/Versions/A/DiskArbitration
0x000000000f030000 	/usr/lib/liblangid.dylib
0x000000000f030000 	/System/Library/PrivateFrameworks/MultitouchSupport.framework/Versions/A/MultitouchSupport
0x000000000f030000 	/System/Library/Frameworks/IOKit.framework/Versions/A/IOKit
0x000000000f030000 	/usr/lib/libDiagnosticMessagesClient.dylib
0x000000000f030000 	/System/Library/Frameworks/CoreServices.framework/Versions/A/CoreServices
0x000000000f030000 	/System/Library/PrivateFrameworks/PerformanceAnalysis.framework/Versions/A/PerformanceAnalysis
0x000000000f030000 	/System/Library/Frameworks/OpenGL.framework/Versions/A/OpenGL
0x000000000f030000 	/System/Library/Frameworks/ColorSync.framework/Versions/A/ColorSync
0x000000000f030000 	/System/Library/Frameworks/CoreImage.framework/Versions/A/CoreImage
0x000000000f030000 	/System/Library/Frameworks/CoreText.framework/Versions/A/CoreText
0x000000000f030000 	/System/Library/Frameworks/ImageIO.framework/Versions/A/ImageIO
0x000000000f030000 	/System/Library/PrivateFrameworks/Backup.framework/Versions/A/Backup
0x000000000f030000 	/usr/lib/libarchive.2.dylib
0x000000000f030000 	/System/Library/Frameworks/CFNetwork.framework/Versions/A/CFNetwork
0x000000000f030000 	/System/Library/Frameworks/SystemConfiguration.framework/Versions/A/SystemConfiguration
0x000000000f030000 	/usr/lib/libCRFSuite.dylib
0x000000000f030000 	/usr/lib/libc++.1.dylib
0x000000000f030000 	/usr/lib/libc++abi.dylib
0x000000000f030000 	/usr/lib/system/libcache.dylib
0x000000000f030000 	/usr/lib/system/libcommonCrypto.dylib
0x000000000f030000 	/usr/lib/system/libcompiler_rt.dylib
0x000000000f030000 	/usr/lib/system/libcopyfile.dylib
0x000000000f030000 	/usr/lib/system/libcorecrypto.dylib
0x000000000f030000 	/usr/lib/system/libdispatch.dylib
0x000000000f030000 	/usr/lib/system/libdyld.dylib
0x000000000f030000 	/usr/lib/system/libkeymgr.dylib
0x000000000f030000 	/usr/lib/system/liblaunch.dylib
0x000000000f030000 	/usr/lib/system/libmacho.dylib
0x000000000f030000 	/usr/lib/system/libquarantine.dylib
0x000000000f030000 	/usr/lib/system/libremovefile.dylib
0x000000000f030000 	/usr/lib/system/libsystem_asl.dylib
0x000000000f030000 	/usr/lib/system/libsystem_blocks.dylib
0x000000000f030000 	/usr/lib/system/libsystem_c.dylib
0x000000000f030000 	/usr/lib/system/libsystem_configuration.dylib
0x000000000f030000 	/usr/lib/system/libsystem_coreservices.dylib
0x000000000f030000 	/usr/lib/system/libsystem_darwin.dylib
0x000000000f030000 	/usr/lib/system/libsystem_dnssd.dylib
0x000000000f030000 	/usr/lib/system/libsystem_info.dylib
0x000000000f030000 	/usr/lib/system/libsystem_m.dylib
0x000000000f030000 	/usr/lib/system/libsystem_malloc.dylib
0x000000000f030000 	/usr/lib/system/libsystem_network.dylib
0x000000000f030000 	/usr/lib/system/libsystem_networkextension.dylib
0x000000000f030000 	/usr/lib/system/libsystem_notify.dylib
0x000000000f030000 	/usr/lib/system/libsystem_sandbox.dylib
0x000000000f030000 	/usr/lib/system/libsystem_secinit.dylib
0x000000000f030000 	/usr/lib/system/libsystem_kernel.dylib
0x000000000f030000 	/usr/lib/system/libsystem_platform.dylib
0x000000000f030000 	/usr/lib/system/libsystem_pthread.dylib
0x000000000f030000 	/usr/lib/system/libsystem_symptoms.dylib
0x000000000f030000 	/usr/lib/system/libsystem_trace.dylib
0x000000000f030000 	/usr/lib/system/libunwind.dylib
0x000000000f030000 	/usr/lib/system/libxpc.dylib
0x000000000f030000 	/usr/lib/closure/libclosured.dylib
0x000000000f030000 	/usr/lib/libbsm.0.dylib
0x000000000f030000 	/usr/lib/system/libkxld.dylib
0x000000000f030000 	/usr/lib/libOpenScriptingUtil.dylib
0x000000000f030000 	/usr/lib/libcoretls.dylib
0x000000000f030000 	/usr/lib/libcoretls_cfhelpers.dylib
0x000000000f030000 	/usr/lib/libpam.2.dylib
0x000000000f030000 	/usr/lib/libsqlite3.dylib
0x000000000f030000 	/usr/lib/libxar.1.dylib
0x000000000f030000 	/usr/lib/libbz2.1.0.dylib
0x000000000f030000 	/usr/lib/liblzma.5.dylib
0x000000000f030000 	/usr/lib/libnetwork.dylib
0x000000000f030000 	/usr/lib/libapple_nghttp2.dylib
0x000000000f030000 	/usr/lib/libpcap.A.dylib
0x000000000f030000 	/usr/lib/libboringssl.dylib
0x000000000f030000 	/usr/lib/libusrtcp.dylib
0x000000000f030000 	/usr/lib/libapple_crypto.dylib
0x000000000f030000 	/System/Library/Frameworks/CoreServices.framework/Versions/A/Frameworks/FSEvents.framework/Versions/A/FSEvents
0x000000000f030000 	/System/Library/Frameworks/CoreServices.framework/Versions/A/Frameworks/CarbonCore.framework/Versions/A/CarbonCore
0x000000000f030000 	/System/Library/Frameworks/CoreServices.framework/Versions/A/Frameworks/Metadata.framework/Versions/A/Metadata
0x000000000f030000 	/System/Library/Frameworks/CoreServices.framework/Versions/A/Frameworks/OSServices.framework/Versions/A/OSServices
0x000000000f030000 	/System/Library/Frameworks/CoreServices.framework/Versions/A/Frameworks/SearchKit.framework/Versions/A/SearchKit
0x000000000f030000 	/System/Library/Frameworks/CoreServices.framework/Versions/A/Frameworks/AE.framework/Versions/A/AE
0x000000000f030000 	/System/Library/Frameworks/CoreServices.framework/Versions/A/Frameworks/LaunchServices.framework/Versions/A/LaunchServices
0x000000000f030000 	/System/Library/Frameworks/CoreServices.framework/Versions/A/Frameworks/DictionaryServices.framework/Versions/A/DictionaryServices
0x000000000f030000 	/System/Library/Frameworks/CoreServices.framework/Versions/A/Frameworks/SharedFileList.framework/Versions/A/SharedFileList
0x000000000f030000 	/System/Library/Frameworks/NetFS.framework/Versions/A/NetFS
0x000000000f030000 	/System/Library/PrivateFrameworks/NetAuth.framework/Versions/A/NetAuth
0x000000000f030000 	/System/Library/PrivateFrameworks/login.framework/Versions/A/Frameworks/loginsupport.framework/Versions/A/loginsupport
0x000000000f030000 	/System/Library/PrivateFrameworks/TCC.framework/Versions/A/TCC
0x000000000f030000 	/usr/lib/libmecabra.dylib
0x000000000f030000 	/System/Library/Frameworks/ApplicationServices.framework/Versions/A/Frameworks/ATS.framework/Versions/A/ATS
0x000000000f030000 	/System/Library/Frameworks/ApplicationServices.framework/Versions/A/Frameworks/ColorSyncLegacy.framework/Versions/A/ColorSyncLegacy
0x000000000f030000 	/System/Library/Frameworks/ApplicationServices.framework/Versions/A/Frameworks/HIServices.framework/Versions/A/HIServices
0x000000000f030000 	/System/Library/Frameworks/ApplicationServices.framework/Versions/A/Frameworks/LangAnalysis.framework/Versions/A/LangAnalysis
0x000000000f030000 	/System/Library/Frameworks/ApplicationServices.framework/Versions/A/Frameworks/PrintCore.framework/Versions/A/PrintCore
0x000000000f030000 	/System/Library/Frameworks/ApplicationServices.framework/Versions/A/Frameworks/QD.framework/Versions/A/QD
0x000000000f030000 	/System/Library/Frameworks/ApplicationServices.framework/Versions/A/Frameworks/SpeechSynthesis.framework/Versions/A/SpeechSynthesis
0x000000000f030000 	/System/Library/Frameworks/CoreDisplay.framework/Versions/A/CoreDisplay
0x000000000f030000 	/System/Library/Frameworks/Accelerate.framework/Versions/A/Frameworks/vImage.framework/Versions/A/vImage
0x000000000f030000 	/System/Library/Frameworks/Accelerate.framework/Versions/A/Frameworks/vecLib.framework/Versions/A/vecLib
0x000000000f030000 	/System/Library/Frameworks/Accelerate.framework/Versions/A/Frameworks/vecLib.framework/Versions/A/libvDSP.dylib
0x000000000f030000 	/System/Library/Frameworks/Accelerate.framework/Versions/A/Frameworks/vecLib.framework/Versions/A/libBNNS.dylib
0x000000000f030000 	/System/Library/Frameworks/Accelerate.framework/Versions/A/Frameworks/vecLib.framework/Versions/A/libQuadrature.dylib
0x000000000f030000 	/System/Library/Frameworks/Accelerate.framework/Versions/A/Frameworks/vecLib.framework/Versions/A/libvMisc.dylib
0x000000000f030000 	/System/Library/Frameworks/Accelerate.framework/Versions/A/Frameworks/vecLib.framework/Versions/A/libLAPACK.dylib
0x000000000f030000 	/System/Library/Frameworks/Accelerate.framework/Versions/A/Frameworks/vecLib.framework/Versions/A/libBLAS.dylib
0x000000000f030000 	/System/Library/Frameworks/Accelerate.framework/Versions/A/Frameworks/vecLib.framework/Versions/A/libLinearAlgebra.dylib
0x000000000f030000 	/System/Library/Frameworks/Accelerate.framework/Versions/A/Frameworks/vecLib.framework/Versions/A/libSparse.dylib
0x000000000f030000 	/System/Library/Frameworks/Accelerate.framework/Versions/A/Frameworks/vecLib.framework/Versions/A/libSparseBLAS.dylib
0x000000000f030000 	/System/Library/PrivateFrameworks/GPUWrangler.framework/Versions/A/GPUWrangler
0x000000000f030000 	/System/Library/PrivateFrameworks/IOAccelerator.framework/Versions/A/IOAccelerator
0x000000000f030000 	/System/Library/PrivateFrameworks/IOPresentment.framework/Versions/A/IOPresentment
0x000000000f030000 	/System/Library/PrivateFrameworks/DSExternalDisplay.framework/Versions/A/DSExternalDisplay
0x000000000f030000 	/System/Library/Frameworks/OpenGL.framework/Versions/A/Libraries/libCoreFSCache.dylib
0x000000000f030000 	/System/Library/Frameworks/CoreVideo.framework/Versions/A/CoreVideo
0x000000000f030000 	/System/Library/PrivateFrameworks/GraphVisualizer.framework/Versions/A/GraphVisualizer
0x000000000f030000 	/System/Library/Frameworks/MetalPerformanceShaders.framework/Versions/A/MetalPerformanceShaders
0x000000000f030000 	/usr/lib/libFosl_dynamic.dylib
0x000000000f030000 	/System/Library/PrivateFrameworks/FaceCore.framework/Versions/A/FaceCore
0x000000000f030000 	/System/Library/Frameworks/OpenCL.framework/Versions/A/OpenCL
0x000000000f030000 	/usr/lib/libcompression.dylib
0x000000000f030000 	/System/Library/Frameworks/ApplicationServices.framework/Versions/A/Frameworks/ATS.framework/Versions/A/Resources/libFontParser.dylib
0x000000000f030000 	/System/Library/Frameworks/ApplicationServices.framework/Versions/A/Frameworks/ATS.framework/Versions/A/Resources/libFontRegistry.dylib
0x000000000f030000 	/System/Library/Frameworks/ImageIO.framework/Versions/A/Resources/libJPEG.dylib
0x000000000f030000 	/System/Library/Frameworks/ImageIO.framework/Versions/A/Resources/libTIFF.dylib
0x000000000f030000 	/System/Library/Frameworks/ImageIO.framework/Versions/A/Resources/libPng.dylib
0x000000000f030000 	/System/Library/Frameworks/ImageIO.framework/Versions/A/Resources/libGIF.dylib
0x000000000f030000 	/System/Library/Frameworks/ImageIO.framework/Versions/A/Resources/libJP2.dylib
0x000000000f030000 	/System/Library/Frameworks/ImageIO.framework/Versions/A/Resources/libRadiance.dylib
0x000000000f030000 	/System/Library/PrivateFrameworks/AppleJPEG.framework/Versions/A/AppleJPEG
0x000000000f030000 	/System/Library/Frameworks/MetalPerformanceShaders.framework/Frameworks/MPSCore.framework/Versions/A/MPSCore
0x000000000f030000 	/System/Library/Frameworks/MetalPerformanceShaders.framework/Frameworks/MPSImage.framework/Versions/A/MPSImage
0x000000000f030000 	/System/Library/Frameworks/MetalPerformanceShaders.framework/Frameworks/MPSNeuralNetwork.framework/Versions/A/MPSNeuralNetwork
0x000000000f030000 	/System/Library/Frameworks/MetalPerformanceShaders.framework/Frameworks/MPSMatrix.framework/Versions/A/MPSMatrix
0x000000000f030000 	/System/Library/PrivateFrameworks/MetalTools.framework/Versions/A/MetalTools
0x000000000f030000 	/System/Library/Frameworks/OpenGL.framework/Versions/A/Libraries/libGLU.dylib
0x000000000f030000 	/System/Library/Frameworks/OpenGL.framework/Versions/A/Libraries/libGFXShared.dylib
0x000000000f030000 	/System/Library/Frameworks/OpenGL.framework/Versions/A/Libraries/libGL.dylib
0x000000000f030000 	/System/Library/Frameworks/OpenGL.framework/Versions/A/Libraries/libGLImage.dylib
0x000000000f030000 	/System/Library/Frameworks/OpenGL.framework/Versions/A/Libraries/libCVMSPluginSupport.dylib
0x000000000f030000 	/System/Library/Frameworks/OpenGL.framework/Versions/A/Libraries/libCoreVMClient.dylib
0x000000000f030000 	/usr/lib/libcups.2.dylib
0x000000000f030000 	/System/Library/Frameworks/Kerberos.framework/Versions/A/Kerberos
0x000000000f030000 	/System/Library/Frameworks/GSS.framework/Versions/A/GSS
0x000000000f030000 	/usr/lib/libresolv.9.dylib
0x000000000f030000 	/usr/lib/libiconv.2.dylib
0x000000000f030000 	/System/Library/PrivateFrameworks/Heimdal.framework/Versions/A/Heimdal
0x000000000f030000 	/usr/lib/libheimdal-asn1.dylib
0x000000000f030000 	/System/Library/Frameworks/OpenDirectory.framework/Versions/A/OpenDirectory
0x000000000f030000 	/System/Library/PrivateFrameworks/CommonAuth.framework/Versions/A/CommonAuth
0x000000000f030000 	/System/Library/Frameworks/OpenDirectory.framework/Versions/A/Frameworks/CFOpenDirectory.framework/Versions/A/CFOpenDirectory
0x000000000f030000 	/System/Library/Frameworks/SecurityFoundation.framework/Versions/A/SecurityFoundation
0x000000000f030000 	/System/Library/PrivateFrameworks/APFS.framework/Versions/A/APFS
0x000000000f030000 	/usr/lib/libutil.dylib
0x000000000f030000 	/System/Library/PrivateFrameworks/AppleSauce.framework/Versions/A/AppleSauce
0x000000000f030000 	/System/Library/PrivateFrameworks/LinguisticData.framework/Versions/A/LinguisticData
0x000000000f030000 	/usr/lib/libmarisa.dylib
0x000000000f030000 	/System/Library/PrivateFrameworks/Lexicon.framework/Versions/A/Lexicon
0x000000000f030000 	/usr/lib/libChineseTokenizer.dylib
0x000000000f030000 	/usr/lib/libcmph.dylib
0x000000000f030000 	/System/Library/PrivateFrameworks/LanguageModeling.framework/Versions/A/LanguageModeling
0x000000000f030000 	/System/Library/PrivateFrameworks/CoreEmoji.framework/Versions/A/CoreEmoji
0x000000000f030000 	/System/Library/Frameworks/ServiceManagement.framework/Versions/A/ServiceManagement
0x000000000f030000 	/System/Library/PrivateFrameworks/BackgroundTaskManagement.framework/Versions/A/BackgroundTaskManagement
0x000000000f030000 	/usr/lib/libxslt.1.dylib
0x000000000f030000 	/System/Library/Frameworks/Carbon.framework/Versions/A/Frameworks/Ink.framework/Versions/A/Ink
0x000000000f030000 	/System/Library/PrivateFrameworks/TextureIO.framework/Versions/A/TextureIO
0x000000000f030000 	/usr/lib/libate.dylib
0x000000000f030000 	/System/Library/PrivateFrameworks/CrashReporterSupport.framework/Versions/A/CrashReporterSupport
0x000000000f030000 	/System/Library/PrivateFrameworks/Sharing.framework/Versions/A/Sharing
0x000000000f030000 	/System/Library/PrivateFrameworks/IconServices.framework/Versions/A/IconServices
0x000000000f030000 	/System/Library/PrivateFrameworks/AuthKit.framework/Versions/A/AuthKit
0x000000000f030000 	/System/Library/PrivateFrameworks/Apple80211.framework/Versions/A/Apple80211
0x000000000f030000 	/System/Library/PrivateFrameworks/CoreUtils.framework/Versions/A/CoreUtils
0x000000000f030000 	/System/Library/Frameworks/CoreWLAN.framework/Versions/A/CoreWLAN
0x000000000f030000 	/System/Library/Frameworks/IOBluetooth.framework/Versions/A/IOBluetooth
0x000000000f030000 	/System/Library/PrivateFrameworks/ProtocolBuffer.framework/Versions/A/ProtocolBuffer
0x000000000f030000 	/System/Library/PrivateFrameworks/MobileKeyBag.framework/Versions/A/MobileKeyBag
0x000000000f030000 	/System/Library/PrivateFrameworks/CorePhoneNumbers.framework/Versions/A/CorePhoneNumbers
0x000000000f030000 	/System/Library/PrivateFrameworks/AppleIDAuthSupport.framework/Versions/A/AppleIDAuthSupport
0x000000000f030000 	/System/Library/PrivateFrameworks/KeychainCircle.framework/Versions/A/KeychainCircle
0x000000000f030000 	/System/Library/PrivateFrameworks/CoreWiFi.framework/Versions/A/CoreWiFi
0x000000000f030000 	/System/Library/Frameworks/CoreBluetooth.framework/Versions/A/CoreBluetooth
0x000000000f030000 	/System/Library/PrivateFrameworks/DebugSymbols.framework/Versions/A/DebugSymbols
0x000000000f030000 	/System/Library/PrivateFrameworks/CoreSymbolication.framework/Versions/A/CoreSymbolication
0x000000000f030000 	/System/Library/PrivateFrameworks/Symbolication.framework/Versions/A/Symbolication
0x000000000f030000 	/System/Library/PrivateFrameworks/AppleFSCompression.framework/Versions/A/AppleFSCompression
0x000000000f030000 	/System/Library/PrivateFrameworks/SpeechRecognitionCore.framework/Versions/A/SpeechRecognitionCore
0x0000000100c00000 	/Library/Java/JavaVirtualMachines/jdk1.8.0_121.jdk/Contents/Home/jre/lib/server/libjvm.dylib
0x000000000f030000 	/usr/lib/libstdc++.6.0.9.dylib
0x00000001003da000 	/Library/Java/JavaVirtualMachines/jdk1.8.0_121.jdk/Contents/Home/jre/lib/libverify.dylib
0x0000000101ba2000 	/Library/Java/JavaVirtualMachines/jdk1.8.0_121.jdk/Contents/Home/jre/lib/libjava.dylib
0x00000001003f2000 	/Library/Java/JavaVirtualMachines/jdk1.8.0_121.jdk/Contents/Home/jre/lib/libzip.dylib
0x000000000f030000 	/System/Library/Frameworks/JavaVM.framework/Versions/A/Frameworks/JavaRuntimeSupport.framework/Versions/A/JavaRuntimeSupport
0x000000000f030000 	/System/Library/Frameworks/JavaVM.framework/Versions/A/Frameworks/JavaNativeFoundation.framework/Versions/A/JavaNativeFoundation
0x000000000f030000 	/System/Library/Frameworks/JavaVM.framework/Versions/A/JavaVM
0x000000000f030000 	/System/Library/Frameworks/Carbon.framework/Versions/A/Carbon
0x000000000f030000 	/System/Library/PrivateFrameworks/JavaLaunching.framework/Versions/A/JavaLaunching
0x000000000f030000 	/System/Library/Frameworks/Carbon.framework/Versions/A/Frameworks/CommonPanels.framework/Versions/A/CommonPanels
0x000000000f030000 	/System/Library/Frameworks/Carbon.framework/Versions/A/Frameworks/Help.framework/Versions/A/Help
0x000000000f030000 	/System/Library/Frameworks/Carbon.framework/Versions/A/Frameworks/ImageCapture.framework/Versions/A/ImageCapture
0x000000000f030000 	/System/Library/Frameworks/Carbon.framework/Versions/A/Frameworks/OpenScripting.framework/Versions/A/OpenScripting
0x000000000f030000 	/System/Library/Frameworks/Carbon.framework/Versions/A/Frameworks/Print.framework/Versions/A/Print
0x000000000f030000 	/System/Library/Frameworks/Carbon.framework/Versions/A/Frameworks/SecurityHI.framework/Versions/A/SecurityHI
0x0000000119010000 	/Library/Java/JavaVirtualMachines/jdk1.8.0_121.jdk/Contents/Home/jre/lib/libawt.dylib
0x00000001190b8000 	/Library/Java/JavaVirtualMachines/jdk1.8.0_121.jdk/Contents/Home/jre/lib/./libmlib_image.dylib
0x0000000119184000 	/Library/Java/JavaVirtualMachines/jdk1.8.0_121.jdk/Contents/Home/jre/lib/libawt_lwawt.dylib
0x000000011923b000 	/Library/Java/JavaVirtualMachines/jdk1.8.0_121.jdk/Contents/Home/jre/lib/./libosxapp.dylib
0x000000000f030000 	/System/Library/Frameworks/ExceptionHandling.framework/Versions/A/ExceptionHandling
0x000000000f030000 	/System/Library/PrivateFrameworks/CoreServicesInternal.framework/Versions/A/CoreServicesInternal
0x000000000f030000 	/System/Library/CoreServices/RawCamera.bundle/Contents/MacOS/RawCamera
0x000000000f030000 	/System/Library/PrivateFrameworks/MobileAsset.framework/Versions/A/MobileAsset
0x000000000f030000 	/System/Library/PrivateFrameworks/StreamingZip.framework/Versions/A/StreamingZip
0x000000000f030000 	/System/Library/Frameworks/MediaToolbox.framework/Versions/A/MediaToolbox
0x000000000f030000 	/System/Library/PrivateFrameworks/CoreAVCHD.framework/Versions/A/CoreAVCHD
0x000000000f030000 	/System/Library/Frameworks/MediaAccessibility.framework/Versions/A/MediaAccessibility
0x000000000f030000 	/System/Library/PrivateFrameworks/Mangrove.framework/Versions/A/Mangrove
0x000000000f030000 	/System/Library/Frameworks/CoreMedia.framework/Versions/A/CoreMedia
0x000000000f030000 	/System/Library/Frameworks/VideoToolbox.framework/Versions/A/VideoToolbox
0x000000000f030000 	/System/Library/PrivateFrameworks/CoreAUC.framework/Versions/A/CoreAUC
0x000000000f030000 	/usr/lib/libspindump.dylib
0x000000000f030000 	/System/Library/PrivateFrameworks/AppleVA.framework/Versions/A/AppleVA
0x000000000f030000 	/System/Library/Frameworks/Accelerate.framework/Versions/A/Frameworks/vImage.framework/Versions/A/Libraries/libCGInterfaces.dylib
0x000000000f030000 	/System/Library/PrivateFrameworks/FamilyControls.framework/Versions/A/FamilyControls
0x000000000f030000 	/System/Library/PrivateFrameworks/CommerceKit.framework/Versions/A/Frameworks/CommerceCore.framework/Versions/A/CommerceCore
0x000000000f030000 	/System/Library/PrivateFrameworks/SystemAdministration.framework/Versions/A/SystemAdministration
0x000000000f030000 	/System/Library/PrivateFrameworks/AppContainer.framework/Versions/A/AppContainer
0x000000000f030000 	/System/Library/PrivateFrameworks/SecCodeWrapper.framework/Versions/A/SecCodeWrapper
0x000000000f030000 	/System/Library/PrivateFrameworks/DiskManagement.framework/Versions/A/DiskManagement
0x000000000f030000 	/System/Library/Frameworks/DirectoryService.framework/Versions/A/DirectoryService
0x000000000f030000 	/System/Library/PrivateFrameworks/DiskImages.framework/Versions/A/DiskImages
0x000000000f030000 	/System/Library/PrivateFrameworks/LoginUIKit.framework/Versions/A/Frameworks/LoginUICore.framework/Versions/A/LoginUICore
0x000000000f030000 	/usr/lib/libCoreStorage.dylib
0x000000000f030000 	/usr/lib/libcsfde.dylib
0x000000000f030000 	/usr/lib/libodfde.dylib
0x000000000f030000 	/System/Library/PrivateFrameworks/MediaKit.framework/Versions/A/MediaKit
0x000000000f030000 	/System/Library/Frameworks/DiscRecording.framework/Versions/A/DiscRecording
0x000000000f030000 	/System/Library/PrivateFrameworks/EFILogin.framework/Versions/A/EFILogin
0x000000000f030000 	/System/Library/PrivateFrameworks/ProtectedCloudStorage.framework/Versions/A/ProtectedCloudStorage
0x000000000f030000 	/usr/lib/libcurl.4.dylib
0x000000000f030000 	/usr/lib/libcrypto.35.dylib
0x000000000f030000 	/usr/lib/libssl.35.dylib
0x000000000f030000 	/System/Library/Frameworks/LDAP.framework/Versions/A/LDAP
0x000000000f030000 	/System/Library/PrivateFrameworks/TrustEvaluationAgent.framework/Versions/A/TrustEvaluationAgent
0x000000000f030000 	/usr/lib/libsasl2.2.dylib
0x000000000f030000 	/System/Library/PrivateFrameworks/CoreDaemon.framework/Versions/B/CoreDaemon
0x000000000f030000 	/System/Library/PrivateFrameworks/AppleSRP.framework/Versions/A/AppleSRP
0x000000011a45a000 	/Library/Java/JavaVirtualMachines/jdk1.8.0_121.jdk/Contents/Home/jre/lib/libfontmanager.dylib
0x000000000f030000 	/System/Library/Frameworks/ApplicationServices.framework/Versions/A/Frameworks/ATS.framework/Versions/A/Resources/libTrueTypeScaler.dylib
0x000000011b7e3000 	/Users/mac/Downloads/slick/liblwjgl.dylib
0x0000000119777000 	/Library/Java/JavaVirtualMachines/jdk1.8.0_121.jdk/Contents/Home/jre/lib/libjawt.dylib
0x000000000f030000 	/System/Library/Extensions/AppleIntelHD5000GraphicsMTLDriver.bundle/Contents/MacOS/AppleIntelHD5000GraphicsMTLDriver
0x000000000f030000 	/System/Library/PrivateFrameworks/GPUCompiler.framework/Versions/3802/Libraries/libmetal_timestamp.dylib
0x000000000f030000 	/System/Library/Frameworks/OpenGL.framework/Versions/A/Resources/GLEngine.bundle/GLEngine
0x000000000f030000 	/System/Library/Frameworks/OpenGL.framework/Versions/A/Libraries/libGLProgrammability.dylib
0x000000011b99e000 	/System/Library/Extensions/AppleIntelHD5000GraphicsGLDriver.bundle/Contents/MacOS/AppleIntelHD5000GraphicsGLDriver
0x000000000f030000 	/System/Library/PrivateFrameworks/GPUSupport.framework/Versions/A/Libraries/libGPUSupportMercury.dylib
0x000000000f030000 	/System/Library/Frameworks/OpenGL.framework/Versions/A/Resources/GLRendererFloat.bundle/GLRendererFloat
0x000000000f030000 	/System/Library/Frameworks/OpenCL.framework/Versions/A/Libraries/libcldcpuengine.dylib
0x000000000f030000 	/System/Library/PrivateFrameworks/ViewBridge.framework/Versions/A/ViewBridge
0x000000011b7de000 	/Users/mac/Downloads/slick/libjinput-osx.dylib
0x000000011d194000 	/System/Library/Extensions/IOHIDFamily.kext/Contents/PlugIns/IOHIDLib.plugin/Contents/MacOS/IOHIDLib
0x000000011d1cc000 	/Library/Java/JavaVirtualMachines/jdk1.8.0_121.jdk/Contents/Home/jre/lib/libnio.dylib
0x000000011d1dc000 	/Library/Java/JavaVirtualMachines/jdk1.8.0_121.jdk/Contents/Home/jre/lib/./libnet.dylib
0x000000011d253000 	/Library/Java/JavaVirtualMachines/jdk1.8.0_121.jdk/Contents/Home/jre/lib/libjpeg.dylib
0x000000011eb42000 	/Users/mac/Downloads/slick/openal.dylib
0x000000011ebca000 	/System/Library/Components/CoreAudio.component/Contents/MacOS/CoreAudio
0x000000011ee14000 	/System/Library/Extensions/AppleHDA.kext/Contents/PlugIns/AppleHDAHALPlugIn.bundle/Contents/MacOS/AppleHDAHALPlugIn

VM Arguments:
jvm_args: -Dfile.encoding=UTF-8 -Djava.library.path=/Users/mac/Downloads/slick 
java_command: principal.Launcher
java_class_path (initial): /Users/mac/Downloads/slick/lib/ibxm.jar:/Users/mac/Downloads/slick/lib/jinput.jar:/Users/mac/Downloads/slick/lib/jnlp.jar:/Users/mac/Downloads/slick/lib/jogg-0.0.7.jar:/Users/mac/Downloads/slick/lib/jorbis-0.0.15.jar:/Users/mac/Downloads/slick/lib/lwjgl.jar:/Users/mac/Downloads/slick/lib/lwjgl_util.jar:/Users/mac/Downloads/slick/lib/lwjgl_util_applet.jar:/Users/mac/Downloads/slick/lib/natives-linux.jar:/Users/mac/Downloads/slick/lib/natives-mac.jar:/Users/mac/Downloads/slick/lib/natives-windows.jar:/Users/mac/Downloads/slick/lib/slick-examples.jar:/Users/mac/Downloads/slick/lib/slick.jar:/Users/mac/Downloads/slick/lib/tinylinepp.jar:/Users/mac/Documents/GitHub/proyecto-videojuego-techno-team/build/classes
Launcher Type: SUN_STANDARD

Environment Variables:
PATH=/usr/bin:/bin:/usr/sbin:/sbin
LD_LIBRARY_PATH=/Library/Java/JavaVirtualMachines/jdk1.8.0_121.jdk/Contents/Home/jre/lib/amd64:/Library/Java/JavaVirtualMachines/jdk1.8.0_121.jdk/Contents/Home/jre/lib/i386:
SHELL=/bin/zsh
DISPLAY=/private/tmp/com.apple.launchd.wMgcWsYwCg/org.macosforge.xquartz:0

Signal Handlers:
SIGSEGV: [libjvm.dylib+0x5b1141], sa_mask[0]=11111111011111110111111111111111, sa_flags=SA_ONSTACK|SA_RESTART|SA_SIGINFO
SIGBUS: [libjvm.dylib+0x5b1141], sa_mask[0]=11111111011111110111111111111111, sa_flags=SA_RESTART|SA_SIGINFO
SIGFPE: [libjvm.dylib+0x487bc4], sa_mask[0]=11111111011111110111111111111111, sa_flags=SA_RESTART|SA_SIGINFO
SIGPIPE: [libjvm.dylib+0x487bc4], sa_mask[0]=11111111011111110111111111111111, sa_flags=SA_RESTART|SA_SIGINFO
SIGXFSZ: [libjvm.dylib+0x487bc4], sa_mask[0]=11111111011111110111111111111111, sa_flags=SA_RESTART|SA_SIGINFO
SIGILL: [libjvm.dylib+0x487bc4], sa_mask[0]=11111111011111110111111111111111, sa_flags=SA_RESTART|SA_SIGINFO
SIGUSR1: SIG_DFL, sa_mask[0]=00000000000000000000000000000000, sa_flags=none
SIGUSR2: [libjvm.dylib+0x4876e2], sa_mask[0]=00100000000000000000000000000000, sa_flags=SA_RESTART|SA_SIGINFO
SIGHUP: [libjvm.dylib+0x485cb9], sa_mask[0]=11111111011111110111111111111111, sa_flags=SA_RESTART|SA_SIGINFO
SIGINT: SIG_IGN, sa_mask[0]=00000000000000000000000000000000, sa_flags=none
SIGTERM: [libjvm.dylib+0x485cb9], sa_mask[0]=11111111011111110111111111111111, sa_flags=SA_RESTART|SA_SIGINFO
SIGQUIT: [libjvm.dylib+0x485cb9], sa_mask[0]=11111111011111110111111111111111, sa_flags=SA_RESTART|SA_SIGINFO


---------------  S Y S T E M  ---------------

OS:Bsduname:Darwin 17.7.0 Darwin Kernel Version 17.7.0: Thu Jun 21 22:53:14 PDT 2018; root:xnu-4570.71.2~1/RELEASE_X86_64 x86_64
rlimit: STACK 8192k, CORE 0k, NPROC 709, NOFILE 10240, AS infinity
load average:4.60 2.89 2.38

CPU:total 4 (2 cores per cpu, 2 threads per core) family 6 model 69 stepping 1, cmov, cx8, fxsr, mmx, sse, sse2, sse3, ssse3, sse4.1, sse4.2, popcnt, avx, avx2, aes, clmul, erms, lzcnt, ht, tsc, tscinvbit, bmi1, bmi2

Memory: 4k page, physical 8388608k(44752k free)

/proc/meminfo:


vm_info: Java HotSpot(TM) 64-Bit Server VM (25.121-b13) for bsd-amd64 JRE (1.8.0_121-b13), built on Dec 12 2016 20:39:32 by "java_re" with gcc 4.2.1 (Based on Apple Inc. build 5658) (LLVM build 2336.11.00)

time: Wed May  8 01:34:42 2019
elapsed time: 5 seconds (0d 0h 0m 5s)

